TN:
SF:/home/travis/build/CExAGupta/angular-test-app/src/polyfills.ts
FNF:0
FNH:0
LF:0
LH:0
BRF:0
BRH:0
end_of_record
TN:
SF:/home/travis/build/CExAGupta/angular-test-app/src/test.ts
FNF:0
FNH:0
DA:13,1
DA:18,1
DA:20,1
LF:3
LH:3
BRF:0
BRH:0
end_of_record
TN:
SF:/home/travis/build/CExAGupta/angular-test-app/src/app/app.component.ts
FNF:0
FNH:0
DA:8,1
LF:1
LH:1
BRF:0
BRH:0
end_of_record
TN:
SF:/home/travis/build/CExAGupta/angular-test-app/src/app/components/tooltip/tooltip.component.ts
FN:12,(anonymous_0)
FN:17,(anonymous_1)
FN:20,(anonymous_2)
FN:26,(anonymous_3)
FN:33,(anonymous_4)
FN:36,(anonymous_5)
FN:49,(anonymous_6)
FNF:7
FNH:7
FNDA:8,(anonymous_0)
FNDA:8,(anonymous_1)
FNDA:2,(anonymous_2)
FNDA:2,(anonymous_3)
FNDA:4,(anonymous_4)
FNDA:12,(anonymous_5)
FNDA:2,(anonymous_6)
DA:10,1
DA:11,1
DA:12,8
DA:13,8
DA:14,8
DA:18,8
DA:20,1
DA:21,2
DA:22,1
DA:23,1
DA:26,1
DA:27,2
DA:28,1
DA:29,1
DA:33,1
DA:34,4
DA:37,12
DA:38,12
DA:39,12
DA:40,2
DA:41,2
DA:43,10
DA:44,10
DA:50,2
LF:24
LH:24
BRDA:21,0,0,1
BRDA:21,0,1,1
BRDA:27,1,0,1
BRDA:27,1,1,1
BRDA:37,2,0,12
BRDA:37,2,1,0
BRDA:39,3,0,2
BRDA:39,3,1,10
BRF:8
BRH:7
end_of_record
TN:
SF:/home/travis/build/CExAGupta/angular-test-app/src/app/directives/tooltip/tooltip.directive.ts
FN:26,(anonymous_0)
FN:21,(anonymous_1)
FN:33,(anonymous_2)
FN:37,(anonymous_3)
FN:39,(anonymous_4)
FN:45,(anonymous_5)
FN:49,(anonymous_6)
FNF:7
FNH:7
FNDA:2,(anonymous_0)
FNDA:5,(anonymous_1)
FNDA:2,(anonymous_2)
FNDA:2,(anonymous_3)
FNDA:3,(anonymous_4)
FNDA:1,(anonymous_5)
FNDA:3,(anonymous_6)
DA:18,1
DA:20,1
DA:22,5
DA:27,2
DA:28,2
DA:29,2
DA:30,2
DA:34,2
DA:35,2
DA:38,2
DA:40,3
DA:45,1
DA:46,1
DA:47,1
DA:50,3
DA:51,3
DA:52,1
DA:53,1
LF:18
LH:18
BRDA:51,0,0,1
BRDA:51,0,1,2
BRF:2
BRH:2
end_of_record
TN:
SF:/home/travis/build/CExAGupta/angular-test-app/src/app/pages/home/home.component.ts
FN:3,(anonymous_0)
FNF:1
FNH:1
FNDA:1,(anonymous_0)
DA:8,1
DA:9,1
LF:2
LH:2
BRF:0
BRH:0
end_of_record
TN:
SF:/home/travis/build/CExAGupta/angular-test-app/src/app/services/state/state.service.ts
FN:4,(anonymous_0)
FN:15,(anonymous_1)
FN:19,(anonymous_2)
FNF:3
FNH:3
FNDA:11,(anonymous_0)
FNDA:9,(anonymous_1)
FNDA:5,(anonymous_2)
DA:7,1
DA:8,11
DA:11,11
DA:13,11
DA:16,9
DA:17,9
DA:20,5
LF:7
LH:7
BRF:0
BRH:0
end_of_record
